<?xml version="1.0" encoding="UTF-8"?>
<!-- Generated by org.testng.reporters.JUnitReportReporter -->
<testsuite skipped="0" hostname="DESKTOP-SN7B2MS" name="framework.TestBase" tests="1" failures="0" timestamp="2020-06-19T06:39:24 IST" time="13.964" errors="0">
  <testcase name="login" time="13.964" classname="framework.TestBase"/>
  <system-out/>
</testsuite> <!-- framework.TestBase -->
