<?xml version="1.0" encoding="UTF-8"?>
<!-- Generated by org.testng.reporters.JUnitReportReporter -->
<testsuite skipped="0" hostname="DESKTOP-SN7B2MS" name="framework.Test10" tests="2" failures="0" timestamp="2020-09-21T14:52:39 IST" time="0.016" errors="0">
  <testcase name="PatientAge" time="0.014" classname="framework.Test10"/>
  <system-out/>
  <testcase name="PatientName" time="0.002" classname="framework.Test10"/>
  <system-out/>
</testsuite> <!-- framework.Test10 -->
