<?xml version="1.0" encoding="UTF-8"?>
<!-- Generated by org.testng.reporters.JUnitReportReporter -->
<testsuite skipped="0" hostname="DESKTOP-SN7B2MS" name="framework.DependencyAnnot" tests="2" failures="0" timestamp="2020-05-23T07:41:17 IST" time="11.797" errors="0">
  <testcase name="Openbrowser" time="0.007" classname="framework.DependencyAnnot"/>
  <system-out/>
  <testcase name="login" time="11.790" classname="framework.DependencyAnnot"/>
  <system-out/>
</testsuite> <!-- framework.DependencyAnnot -->
