<?xml version="1.0" encoding="UTF-8"?>
<!-- Generated by org.testng.reporters.JUnitReportReporter -->
<testsuite skipped="0" hostname="DESKTOP-SN7B2MS" name="framework.Test5" tests="3" failures="0" timestamp="2020-10-01T10:20:36 IST" time="0.009" errors="0">
  <testcase name="pulse" time="0.007" classname="framework.Test5"/>
  <system-out/>
  <testcase name="air" time="0.001" classname="framework.Test5"/>
  <system-out/>
  <testcase name="beforevery" time="0.001" classname="framework.Test5"/>
  <system-out/>
</testsuite> <!-- framework.Test5 -->
