<?xml version="1.0" encoding="UTF-8"?>
<!-- Generated by org.testng.reporters.JUnitReportReporter -->
<testsuite skipped="0" hostname="DESKTOP-SN7B2MS" name="framework.Test8" tests="4" failures="0" timestamp="2020-07-31T18:59:17 IST" time="0.062" errors="0">
  <testcase name="openApplication" time="0.016" classname="framework.Test8"/>
  <system-out/>
  <testcase name="openApplication" time="0.015" classname="framework.Test8"/>
  <system-out/>
  <testcase name="openApplication" time="0.016" classname="framework.Test8"/>
  <system-out/>
  <testcase name="openApplication" time="0.015" classname="framework.Test8"/>
  <system-out/>
</testsuite> <!-- framework.Test8 -->
