<?xml version="1.0" encoding="UTF-8"?>
<!-- Generated by org.testng.reporters.JUnitReportReporter -->
<testsuite skipped="0" hostname="DESKTOP-SN7B2MS" name="Test1" tests="2" failures="0" timestamp="2020-05-21T06:45:58 IST" time="0.009" errors="0">
  <testcase name="pulse" time="0.002" classname="Test1"/>
  <system-out/>
  <testcase name="bloodpressure" time="0.007" classname="Test1"/>
  <system-out/>
</testsuite> <!-- Test1 -->
