<?xml version="1.0" encoding="UTF-8"?>
<!-- Generated by org.testng.reporters.JUnitReportReporter -->
<testsuite skipped="0" hostname="DESKTOP-SN7B2MS" name="framework.Test6" tests="1" failures="0" timestamp="2020-07-31T18:57:08 IST" time="1.993" errors="0">
  <testcase name="openApplication" time="1.993" classname="framework.Test6"/>
  <system-out/>
</testsuite> <!-- framework.Test6 -->
