<?xml version="1.0" encoding="UTF-8"?>
<!-- Generated by org.testng.reporters.JUnitReportReporter -->
<testsuite skipped="0" hostname="DESKTOP-SN7B2MS" name="framework.Test3" tests="4" failures="0" timestamp="2020-07-31T19:03:01 IST" time="0.007" errors="0">
  <testcase name="Aeroplaneloan" time="0.001" classname="framework.Test3"/>
  <system-out/>
  <testcase name="Tractorloan" time="0.002" classname="framework.Test3"/>
  <system-out/>
  <testcase name="Bikeload" time="0.002" classname="framework.Test3"/>
  <system-out/>
  <testcase name="Carloan" time="0.002" classname="framework.Test3"/>
  <system-out/>
</testsuite> <!-- framework.Test3 -->
